<?xml version="1.0" encoding="UTF-8"?>
<testng-results ignored="0" total="1" passed="1" failed="0" skipped="0">
  <reporter-output>
  </reporter-output>
  <suite started-at="2022-10-25T08:44:24 IST" name="Automation Testing Justdial" finished-at="2022-10-25T08:44:34 IST" duration-ms="10193">
    <groups>
    </groups>
    <test started-at="2022-10-25T08:44:24 IST" name="JustDial Functional Testing" finished-at="2022-10-25T08:44:34 IST" duration-ms="10193">
      <class name="com.qa.testscripts.TC_Justdial_001">
        <test-method is-config="true" signature="setup(java.lang.String,java.lang.String)[pri:0, instance:com.qa.testscripts.TC_Justdial_001@6d4e5011]" started-at="2022-10-25T08:44:24 IST" name="setup" finished-at="2022-10-25T08:44:33 IST" duration-ms="9756" status="PASS">
          <params>
            <param index="0">
              <value>
                <![CDATA[Chrome]]>
              </value>
            </param>
            <param index="1">
              <value>
                <![CDATA[https://www.goibibo.com/]]>
              </value>
            </param>
          </params>
          <reporter-output>
          </reporter-output>
        </test-method> <!-- setup -->
        <test-method signature="Booking()[pri:0, instance:com.qa.testscripts.TC_Justdial_001@6d4e5011]" started-at="2022-10-25T08:44:34 IST" name="Booking" finished-at="2022-10-25T08:44:34 IST" duration-ms="4" status="PASS">
          <reporter-output>
          </reporter-output>
        </test-method> <!-- Booking -->
        <test-method is-config="true" signature="teardown()[pri:0, instance:com.qa.testscripts.TC_Justdial_001@6d4e5011]" started-at="2022-10-25T08:44:34 IST" name="teardown" finished-at="2022-10-25T08:44:34 IST" duration-ms="398" status="PASS">
          <reporter-output>
          </reporter-output>
        </test-method> <!-- teardown -->
      </class> <!-- com.qa.testscripts.TC_Justdial_001 -->
    </test> <!-- JustDial Functional Testing -->
  </suite> <!-- Automation Testing Justdial -->
</testng-results>
