<?xml version="1.0" encoding="UTF-8"?>
<!-- Generated by org.testng.reporters.JUnitXMLReporter -->
<testsuite ignored="0" hostname="HDLCAMPUS5380" failures="1" tests="1" name="Goibibo Automation Testing" time="21.096" errors="0" timestamp="2023-07-11T16:55:52 IST">
  <testcase classname="com.qa.testscripts.TC_FlightBooking_009" name="selectFairType" time="0.0">
    <failure type="java.lang.RuntimeException" message="java.io.FileNotFoundException: C:\Users\MAIDAMSAGAR\eclipse-workspace\LPIAT25Team9.Goibibo.selenium\src\test\java\com\qa\testdata\DataGoibibo.xlsx (The system cannot find the path specified)">
      <![CDATA[java.lang.RuntimeException: java.io.FileNotFoundException: C:\Users\MAIDAMSAGAR\eclipse-workspace\LPIAT25Team9.Goibibo.selenium\src\test\java\com\qa\testdata\DataGoibibo.xlsx (The system cannot find the path specified)
at java.base/java.util.ArrayList.forEach(ArrayList.java:1511)
Caused by: java.io.FileNotFoundException: C:\Users\MAIDAMSAGAR\eclipse-workspace\LPIAT25Team9.Goibibo.selenium\src\test\java\com\qa\testdata\DataGoibibo.xlsx (The system cannot find the path specified)
at java.base/java.io.FileInputStream.open0(Native Method)
at java.base/java.io.FileInputStream.open(FileInputStream.java:216)
at java.base/java.io.FileInputStream.<init>(FileInputStream.java:157)
at java.base/java.io.FileInputStream.<init>(FileInputStream.java:111)
at com.qa.utility.ExcelUtility.getRowCount(ExcelUtility.java:21)
at com.qa.testscripts.TC_FlightBooking_009.getData(TC_FlightBooking_009.java:115)
... 25 more
... Removed 32 stack frames]]>
    </failure>
  </testcase> <!-- selectFairType -->
</testsuite> <!-- Goibibo Automation Testing -->
