<?xml version="1.0" encoding="UTF-8"?>
<!-- Generated by org.testng.reporters.JUnitXMLReporter -->
<testsuite ignored="0" hostname="HDDCAMPUS2988" failures="1" tests="1" name="Destination Functional Testing " time="9.891" errors="0" timestamp="2022-10-19T19:08:28 IST">
  <testcase classname="com.qa.testscripts.TC_AmazonAssinment_001" name="AmazonAccCheck" time="1.053">
    <failure type="org.testng.internal.reflect.MethodMatcherException" message="
[public void com.qa.testscripts.TC_AmazonAssinment_001.AmazonAccCheck(java.lang.String,java.lang.String,java.lang.String) throws java.lang.InterruptedException] has no parameters defined but was found to be using a data provider (either explicitly specified or inherited from class level annotation).
Data provider mismatch
Method: AmazonAccCheck([Parameter{index=0, type=java.lang.String, declaredAnnotations=[]}, Parameter{index=1, type=java.lang.String, declaredAnnotations=[]}, Parameter{index=2, type=java.lang.String, declaredAnnotations=[]}])
Arguments: [(java.lang.String) Anil Kumar]">
      <![CDATA[org.testng.internal.reflect.MethodMatcherException: 
[public void com.qa.testscripts.TC_AmazonAssinment_001.AmazonAccCheck(java.lang.String,java.lang.String,java.lang.String) throws java.lang.InterruptedException] has no parameters defined but was found to be using a data provider (either explicitly specified or inherited from class level annotation).
Data provider mismatch
Method: AmazonAccCheck([Parameter{index=0, type=java.lang.String, declaredAnnotations=[]}, Parameter{index=1, type=java.lang.String, declaredAnnotations=[]}, Parameter{index=2, type=java.lang.String, declaredAnnotations=[]}])
Arguments: [(java.lang.String) Anil Kumar]
at java.base/java.util.ArrayList.forEach(ArrayList.java:1511)
... Removed 22 stack frames]]>
    </failure>
  </testcase> <!-- AmazonAccCheck -->
</testsuite> <!-- Destination Functional Testing  -->
