<?xml version="1.0" encoding="UTF-8"?>
<!-- Generated by org.testng.reporters.JUnitXMLReporter -->
<testsuite ignored="8" hostname="HDDCAMPUS2988" failures="0" tests="5" name="TestNGDemoTest" time="0.096" errors="0" timestamp="2022-10-07T14:33:03 IST">
  <testcase classname="com.qa.testNGDemo.TC_FundTransfer" name="fundTransferIMPS" time="0.005"/>
  <testcase classname="com.qa.testNGDemo.TC_FundTransfer" name="fundTransferINTERNATIONAL" time="0.002"/>
  <testcase classname="com.qa.testNGDemo.TC_FundTransfer" name="fundTransferNEFT" time="0.004"/>
  <testcase classname="com.qa.testNGDemo.TC_UtilityBillPayment" name="UtilitybillPaymrnt" time="0.001"/>
  <testcase classname="com.qa.testNGDemo.TC_CreditCradBill" name="creditCardBill" time="0.003"/>
  <testcase classname="com.qa.testNGDemo.TC_TestBase" name="@BeforeSuite setUp" time="0.0">
    <ignored/>
  </testcase> <!-- @BeforeSuite setUp -->
  <testcase classname="com.qa.testNGDemo.TC_TestBase" name="@BeforeSuite setUp" time="0.0">
    <ignored/>
  </testcase> <!-- @BeforeSuite setUp -->
  <testcase classname="com.qa.testNGDemo.TC_TestBase" name="@BeforeTest invokeBrowser" time="0.0">
    <ignored/>
  </testcase> <!-- @BeforeTest invokeBrowser -->
  <testcase classname="com.qa.testNGDemo.TC_TestBase" name="@BeforeTest invokeBrowser" time="0.0">
    <ignored/>
  </testcase> <!-- @BeforeTest invokeBrowser -->
  <testcase classname="com.qa.testNGDemo.TC_TestBase" name="@AfterSuite tearDown" time="0.0">
    <ignored/>
  </testcase> <!-- @AfterSuite tearDown -->
  <testcase classname="com.qa.testNGDemo.TC_TestBase" name="@AfterSuite tearDown" time="0.0">
    <ignored/>
  </testcase> <!-- @AfterSuite tearDown -->
  <testcase classname="com.qa.testNGDemo.TC_TestBase" name="@AfterTest closeBrowser" time="0.0">
    <ignored/>
  </testcase> <!-- @AfterTest closeBrowser -->
  <testcase classname="com.qa.testNGDemo.TC_TestBase" name="@AfterTest closeBrowser" time="0.0">
    <ignored/>
  </testcase> <!-- @AfterTest closeBrowser -->
</testsuite> <!-- TestNGDemoTest -->
